Base path: /Applications/Unity/Hub/Unity-2018.3.6f1/Unity.app/Contents
Cmd: initializeCompiler
Cmd: translateComputeKernel
  api=14 insize=48469 outsize=85357 ok=1
Cmd: translateComputeKernel
  api=14 insize=10553 outsize=18425 ok=1
Cmd: compileComputeKernel
  api=14 insize=18299 outsize=9721 ok=1
Cmd: translateComputeKernel
  api=14 insize=9397 outsize=16205 ok=1
Cmd: translateComputeKernel
  api=14 insize=11797 outsize=25505 ok=1
Cmd: translateComputeKernel
  api=14 insize=2001 outsize=3541 ok=1
Cmd: translateComputeKernel
  api=14 insize=2077 outsize=3273 ok=1
Cmd: initializeCompiler
Cmd: initializeCompiler
Cmd: initializeCompiler
Cmd: initializeCompiler
Cmd: initializeCompiler
Cmd: initializeCompiler
Cmd: initializeCompiler
Cmd: initializeCompiler
Cmd: initializeCompiler
Cmd: initializeCompiler
Cmd: initializeCompiler
Cmd: initializeCompiler
Cmd: initializeCompiler
Cmd: initializeCompiler
Cmd: initializeCompiler
Cmd: initializeCompiler
Cmd: initializeCompiler
Cmd: initializeCompiler
Cmd: initializeCompiler
Cmd: initializeCompiler
Cmd: initializeCompiler
Cmd: initializeCompiler
Cmd: initializeCompiler
Cmd: initializeCompiler
Cmd: initializeCompiler
Cmd: initializeCompiler

Quitting shader compiler process
